<?xml version="1.0" encoding="UTF-8"?>
<testsuite xmlns:xsi="http://www.w3.org/2001/XMLSchema-instance" xsi:noNamespaceSchemaLocation="https://maven.apache.org/surefire/maven-surefire-plugin/xsd/surefire-test-report-3.0.xsd" version="3.0" name="TestTriangle" time="0.163" tests="24" errors="0" skipped="0" failures="0">
  <properties>
[...]
</properties>
  <testcase name="testIsTriangle(int, int, int, boolean)[1]" classname="TestTriangle" time="0.05"/>
  <testcase name="testIsTriangle(int, int, int, boolean)[2]" classname="TestTriangle" time="0.001"/>
  <testcase name="testIsTriangle(int, int, int, boolean)[3]" classname="TestTriangle" time="0.0"/>
  <testcase name="testIsTriangle(int, int, int, boolean)[4]" classname="TestTriangle" time="0.002"/>
  <testcase name="testIsTriangle(int, int, int, boolean)[5]" classname="TestTriangle" time="0.001"/>
  <testcase name="testIsTriangle(int, int, int, boolean)[6]" classname="TestTriangle" time="0.001"/>
  <testcase name="testIsTriangle(int, int, int, boolean)[7]" classname="TestTriangle" time="0.001"/>
  <testcase name="testIsTriangle(int, int, int, boolean)[8]" classname="TestTriangle" time="0.001"/>
  <testcase name="testIsTriangle(int, int, int, boolean)[9]" classname="TestTriangle" time="0.0"/>
  <testcase name="testIsEquilateralTriangle(int, int, int, boolean)[1]" classname="TestTriangle" time="0.001"/>
  <testcase name="testIsEquilateralTriangle(int, int, int, boolean)[2]" classname="TestTriangle" time="0.001"/>
  <testcase name="testIsEquilateralTriangle(int, int, int, boolean)[3]" classname="TestTriangle" time="0.001"/>
  <testcase name="testIsEquilateralTriangle(int, int, int, boolean)[4]" classname="TestTriangle" time="0.001"/>
  <testcase name="testIsEquilateralTriangle(int, int, int, boolean)[5]" classname="TestTriangle" time="0.001"/>
  <testcase name="testIsEquilateralTriangle(int, int, int, boolean)[6]" classname="TestTriangle" time="0.001"/>
  <testcase name="testIsIsoscelesTriangle(int, int, int, boolean)[1]" classname="TestTriangle" time="0.0"/>
  <testcase name="testIsIsoscelesTriangle(int, int, int, boolean)[2]" classname="TestTriangle" time="0.001"/>
  <testcase name="testIsIsoscelesTriangle(int, int, int, boolean)[3]" classname="TestTriangle" time="0.001"/>
  <testcase name="testIsIsoscelesTriangle(int, int, int, boolean)[4]" classname="TestTriangle" time="0.001"/>
  <testcase name="testIsIsoscelesTriangle(int, int, int, boolean)[5]" classname="TestTriangle" time="0.0"/>
  <testcase name="testIsIsoscelesTriangle(int, int, int, boolean)[6]" classname="TestTriangle" time="0.001"/>
  <testcase name="testIsIsoscelesTriangle(int, int, int, boolean)[7]" classname="TestTriangle" time="0.001"/>
  <testcase name="testIsIsoscelesTriangle(int, int, int, boolean)[8]" classname="TestTriangle" time="0.001"/>
  <testcase name="testIsIsoscelesTriangle(int, int, int, boolean)[9]" classname="TestTriangle" time="0.001"/>
</testsuite>